<?xml version="1.0" encoding="UTF-8"?>
<!-- Generated by org.testng.reporters.JUnitXMLReporter -->
<testsuite hostname="DESKTOP-83KADBQ" name="Test1" tests="7" failures="7" timestamp="11 Jan 2021 06:04:13 GMT" time="8.719" errors="0">
  <testcase name="@AfterTest afterTest_Customer_Mobile_existing" time="0.0" classname="sales_invoice_estimate.Customer_Mobile_new_existingTest">
    <failure type="java.lang.NullPointerException">
      <![CDATA[java.lang.NullPointerException
	at sales_invoice_estimate.Customer_Mobile_new_existingTest.afterTest_Customer_Mobile_existing(Customer_Mobile_new_existingTest.java:269)
... Removed 22 stack frames]]>
    </failure>
  </testcase> <!-- @AfterTest afterTest_Customer_Mobile_existing -->
  <testcase name="Customer_Mobile_existing" time="6.586" classname="sales_invoice_estimate.Customer_Mobile_new_existingTest">
    <failure type="java.lang.NullPointerException">
      <![CDATA[java.lang.NullPointerException
	at sales_invoice_estimate.Customer_Mobile_new_existingTest.Customer_Mobile_existing(Customer_Mobile_new_existingTest.java:47)
... Removed 24 stack frames]]>
    </failure>
  </testcase> <!-- Customer_Mobile_existing -->
  <testcase name="barcode1" time="0.009" classname="sales_invoice_estimate.Customer_Mobile_new_existingTest">
    <failure type="java.lang.NullPointerException">
      <![CDATA[java.lang.NullPointerException
	at sales_invoice_estimate.Customer_Mobile_new_existingTest.barcode1(Customer_Mobile_new_existingTest.java:68)
... Removed 24 stack frames]]>
    </failure>
  </testcase> <!-- barcode1 -->
  <testcase name="barcode2" time="0.005" classname="sales_invoice_estimate.Customer_Mobile_new_existingTest">
    <failure type="java.lang.NullPointerException">
      <![CDATA[java.lang.NullPointerException
	at sales_invoice_estimate.Customer_Mobile_new_existingTest.barcode2(Customer_Mobile_new_existingTest.java:99)
... Removed 24 stack frames]]>
    </failure>
  </testcase> <!-- barcode2 -->
  <testcase name="barcode3_enoughstock" time="0.004" classname="sales_invoice_estimate.Customer_Mobile_new_existingTest">
    <failure type="java.lang.NullPointerException">
      <![CDATA[java.lang.NullPointerException
	at sales_invoice_estimate.Customer_Mobile_new_existingTest.barcode3_enoughstock(Customer_Mobile_new_existingTest.java:132)
... Removed 24 stack frames]]>
    </failure>
  </testcase> <!-- barcode3_enoughstock -->
  <testcase name="barcode4" time="0.005" classname="sales_invoice_estimate.Customer_Mobile_new_existingTest">
    <failure type="java.lang.NullPointerException">
      <![CDATA[java.lang.NullPointerException
	at sales_invoice_estimate.Customer_Mobile_new_existingTest.barcode4(Customer_Mobile_new_existingTest.java:152)
... Removed 24 stack frames]]>
    </failure>
  </testcase> <!-- barcode4 -->
  <testcase name="barcode4_delete" time="0.004" classname="sales_invoice_estimate.Customer_Mobile_new_existingTest">
    <failure type="java.lang.NullPointerException">
      <![CDATA[java.lang.NullPointerException
	at sales_invoice_estimate.Customer_Mobile_new_existingTest.barcode4_delete(Customer_Mobile_new_existingTest.java:208)
... Removed 24 stack frames]]>
    </failure>
  </testcase> <!-- barcode4_delete -->
  <testcase name="current_barcodes_save" time="0.014" classname="sales_invoice_estimate.Customer_Mobile_new_existingTest">
    <failure type="java.lang.NullPointerException">
      <![CDATA[java.lang.NullPointerException
	at java.util.Objects.requireNonNull(Objects.java:203)
	at org.openqa.selenium.interactions.Actions.<init>(Actions.java:65)
	at sales_invoice_estimate.Customer_Mobile_new_existingTest.current_barcodes_save(Customer_Mobile_new_existingTest.java:239)
... Removed 24 stack frames]]>
    </failure>
  </testcase> <!-- current_barcodes_save -->
</testsuite> <!-- Test1 -->
